<?xml version="1.0" encoding="UTF-8"?>
<!-- Generated by org.testng.reporters.JUnitReportReporter -->
<testsuite skipped="0" hostname="LAPTOP-9OCT1B5N" name="com.test.selenium.LoginTest" tests="1" failures="0" timestamp="2020-12-26T20:40:41 CST" time="4.857" errors="0">
  <testcase name="testmethod" time="4.857" classname="com.test.selenium.LoginTest"/>
  <system-out/>
</testsuite> <!-- com.test.selenium.LoginTest -->
