<?xml version="1.0" encoding="UTF-8"?>
<!-- Generated by org.testng.reporters.JUnitReportReporter -->
<testsuite skipped="0" hostname="LAPTOP-9OCT1B5N" name="com.test.selenium.LoginTest" tests="1" failures="0" timestamp="2020-12-27T01:00:09 CST" time="5.787" errors="0">
  <testcase name="testmethod" time="5.787" classname="com.test.selenium.LoginTest"/>
  <system-out/>
</testsuite> <!-- com.test.selenium.LoginTest -->
